
Sep 17, 2022 12:43:45.92 NEW SESSION
Sep 17, 2022 12:43:45.92 [3708:13456:0917/124345.921:ERROR:device_event_log_impl.cc(214)] [12:43:45.920] USB: usb_device_handle_win.cc:1048 Failed to read descriptor from node connection: A device attached to the system is not functioning. (0x1F)
Sep 17, 2022 12:43:45.92 [3708:13456:0917/124345.921:ERROR:device_event_log_impl.cc(214)] [12:43:45.921] USB: usb_device_handle_win.cc:1048 Failed to read descriptor from node connection: A device attached to the system is not functioning. (0x1F)
Sep 17, 2022 12:44:42.12 [3708:7724:0917/124442.125:ERROR:util.cc(129)] Can't create base directory: C:\Program Files\Google\GoogleUpdater
Sep 17, 2022 13:17:15.06 [9636:13820:0917/131715.066:ERROR:device_event_log_impl.cc(214)] [13:17:15.066] USB: usb_device_handle_win.cc:1048 Failed to read descriptor from node connection: A device attached to the system is not functioning. (0x1F)
Sep 17, 2022 13:18:12.59 [9636:11184:0917/131812.593:ERROR:util.cc(129)] Can't create base directory: C:\Program Files\Google\GoogleUpdater
Sep 17, 2022 16:15:00.15 [9636:10492:0917/161500.152:ERROR:connection_factory_impl.cc(425)] Failed to connect to MCS endpoint with error -105
Sep 17, 2022 16:15:02.22 [9636:10492:0917/161502.226:ERROR:connection_factory_impl.cc(425)] Failed to connect to MCS endpoint with error -106
Sep 17, 2022 16:15:33.03 [10112:11888:0917/161533.032:ERROR:device_event_log_impl.cc(214)] [16:15:33.032] USB: usb_device_handle_win.cc:1048 Failed to read descriptor from node connection: A device attached to the system is not functioning. (0x1F)
Sep 17, 2022 16:15:37.31 [10112:3284:0917/161537.310:ERROR:connection_factory_impl.cc(425)] Failed to connect to MCS endpoint with error -105
Sep 17, 2022 16:15:40.54 [10112:3284:0917/161540.539:ERROR:connection_factory_impl.cc(425)] Failed to connect to MCS endpoint with error -105
Sep 17, 2022 16:15:45.10 [10112:3284:0917/161545.104:ERROR:connection_factory_impl.cc(425)] Failed to connect to MCS endpoint with error -105
Sep 17, 2022 16:15:49.60 [10112:3284:0917/161549.606:ERROR:connection_factory_impl.cc(425)] Failed to connect to MCS endpoint with error -106
Sep 17, 2022 16:16:12.54 [10112:3284:0917/161612.546:ERROR:connection_factory_impl.cc(425)] Failed to connect to MCS endpoint with error -105
Sep 17, 2022 16:16:20.34 [10112:11888:0917/161620.347:ERROR:device_event_log_impl.cc(214)] [16:16:20.348] USB: usb_service_win.cc:104 SetupDiGetDeviceProperty({{A45C254E-DF1C-4EFD-8020-67D146A850E0}, 6}) failed: Element not found. (0x490)
Sep 17, 2022 16:16:21.37 [10112:3284:0917/161621.370:ERROR:connection_factory_impl.cc(425)] Failed to connect to MCS endpoint with error -106
Sep 17, 2022 16:16:27.05 [10112:3816:0917/161627.058:ERROR:util.cc(129)] Can't create base directory: C:\Program Files\Google\GoogleUpdater
Sep 17, 2022 16:16:38.13 [10112:3284:0917/161638.130:ERROR:connection_factory_impl.cc(425)] Failed to connect to MCS endpoint with error -105
Sep 17, 2022 17:00:06.35 [10112:3284:0917/170006.356:ERROR:connection_factory_impl.cc(425)] Failed to connect to MCS endpoint with error -106
Sep 17, 2022 17:00:26.62 [10112:3284:0917/170026.621:ERROR:connection_factory_impl.cc(425)] Failed to connect to MCS endpoint with error -106
Sep 17, 2022 17:01:22.15 [10112:3284:0917/170122.152:ERROR:connection_factory_impl.cc(425)] Failed to connect to MCS endpoint with error -106
Sep 17, 2022 18:09:27.66 [11032:4432:0917/180927.667:ERROR:device_event_log_impl.cc(214)] [18:09:27.668] USB: usb_device_handle_win.cc:1048 Failed to read descriptor from node connection: A device attached to the system is not functioning. (0x1F)
Sep 17, 2022 18:10:25.09 [11032:7896:0917/181025.091:ERROR:util.cc(129)] Can't create base directory: C:\Program Files\Google\GoogleUpdater
Sep 17, 2022 18:27:46.42 [11032:11660:0917/182746.421:ERROR:connection_factory_impl.cc(425)] Failed to connect to MCS endpoint with error -106
Sep 17, 2022 18:27:56.76 [11032:11660:0917/182756.760:ERROR:connection_factory_impl.cc(425)] Failed to connect to MCS endpoint with error -105
Sep 17, 2022 18:28:22.45 [11032:4432:0917/182822.455:ERROR:device_event_log_impl.cc(214)] [18:28:22.455] USB: usb_service_win.cc:104 SetupDiGetDeviceProperty({{A45C254E-DF1C-4EFD-8020-67D146A850E0}, 6}) failed: Element not found. (0x490)
Sep 17, 2022 18:32:53.61 [11032:11660:0917/183253.615:ERROR:connection_factory_impl.cc(425)] Failed to connect to MCS endpoint with error -105

Sep 18, 2022 13:20:38.52 NEW SESSION
Sep 18, 2022 13:20:38.52 [984:6936:0918/132038.519:ERROR:device_event_log_impl.cc(214)] [13:20:38.518] USB: usb_device_handle_win.cc:1048 Failed to read descriptor from node connection: A device attached to the system is not functioning. (0x1F)
Sep 18, 2022 13:21:35.29 [984:7756:0918/132135.296:ERROR:util.cc(129)] Can't create base directory: C:\Program Files\Google\GoogleUpdater
Sep 18, 2022 13:22:57.93 [984:12832:0918/132257.934:ERROR:connection_factory_impl.cc(425)] Failed to connect to MCS endpoint with error -106
Sep 18, 2022 13:58:44.66 [984:6936:0918/135844.665:ERROR:device_event_log_impl.cc(214)] [13:58:44.664] USB: usb_service_win.cc:104 SetupDiGetDeviceProperty({{A45C254E-DF1C-4EFD-8020-67D146A850E0}, 6}) failed: Element not found. (0x490)
Sep 18, 2022 13:58:45.18 [984:12832:0918/135845.189:ERROR:connection_factory_impl.cc(425)] Failed to connect to MCS endpoint with error -106

Sep 18, 2022 14:43:02.84 NEW SESSION
Sep 18, 2022 14:43:02.84 [12428:12852:0918/144302.838:ERROR:device_event_log_impl.cc(214)] [14:43:02.838] USB: usb_device_handle_win.cc:1048 Failed to read descriptor from node connection: A device attached to the system is not functioning. (0x1F)
Sep 18, 2022 14:44:00.26 [12428:1840:0918/144400.261:ERROR:util.cc(129)] Can't create base directory: C:\Program Files\Google\GoogleUpdater
Sep 18, 2022 15:51:08.15 [12428:10820:0918/155108.154:ERROR:connection_factory_impl.cc(425)] Failed to connect to MCS endpoint with error -106
Sep 18, 2022 15:51:30.61 [12428:10820:0918/155130.615:ERROR:connection_factory_impl.cc(425)] Failed to connect to MCS endpoint with error -106
Sep 18, 2022 15:52:24.08 [12428:10820:0918/155224.084:ERROR:connection_factory_impl.cc(425)] Failed to connect to MCS endpoint with error -106
Sep 18, 2022 15:53:55.55 [12428:10820:0918/155355.559:ERROR:connection_factory_impl.cc(425)] Failed to connect to MCS endpoint with error -106
Sep 18, 2022 15:55:34.31 [12428:10820:0918/155534.319:ERROR:connection_factory_impl.cc(425)] Failed to connect to MCS endpoint with error -105
Sep 18, 2022 15:55:43.36 [12428:10820:0918/155543.360:ERROR:connection_factory_impl.cc(425)] Failed to connect to MCS endpoint with error -105
Sep 18, 2022 15:56:00.09 [12428:10820:0918/155600.097:ERROR:connection_factory_impl.cc(425)] Failed to connect to MCS endpoint with error -105
Sep 18, 2022 15:56:01.23 [12428:12852:0918/155601.237:ERROR:device_event_log_impl.cc(214)] [15:56:01.237] USB: usb_service_win.cc:104 SetupDiGetDeviceProperty({{A45C254E-DF1C-4EFD-8020-67D146A850E0}, 6}) failed: Element not found. (0x490)
Sep 18, 2022 15:56:02.19 [12428:10820:0918/155602.198:ERROR:connection_factory_impl.cc(425)] Failed to connect to MCS endpoint with error -106
Sep 18, 2022 15:56:50.60 [12428:10820:0918/155650.609:ERROR:connection_factory_impl.cc(425)] Failed to connect to MCS endpoint with error -106

Sep 19, 2022 13:15:21.68 NEW SESSION
Sep 19, 2022 13:15:21.68 [11936:9064:0919/131521.676:ERROR:device_event_log_impl.cc(214)] [13:15:21.677] USB: usb_device_handle_win.cc:1048 Failed to read descriptor from node connection: A device attached to the system is not functioning. (0x1F)
Sep 19, 2022 13:16:18.07 [11936:8220:0919/131618.078:ERROR:util.cc(129)] Can't create base directory: C:\Program Files\Google\GoogleUpdater
Sep 20, 2022 12:26:44.14 [11936:10136:0920/122644.144:ERROR:util.cc(129)] Can't create base directory: C:\Program Files\Google\GoogleUpdater
Sep 20, 2022 12:53:38.50 [9576:11744:0920/125338.505:ERROR:device_event_log_impl.cc(214)] [12:53:38.504] USB: usb_device_handle_win.cc:1048 Failed to read descriptor from node connection: A device attached to the system is not functioning. (0x1F)
Sep 20, 2022 12:54:35.96 [9576:720:0920/125435.964:ERROR:util.cc(129)] Can't create base directory: C:\Program Files\Google\GoogleUpdater

Sep 20, 2022 14:12:01.21 NEW SESSION
Sep 20, 2022 14:12:01.21 [14300:9064:0920/141201.214:ERROR:device_event_log_impl.cc(214)] [14:12:01.214] USB: usb_device_handle_win.cc:1048 Failed to read descriptor from node connection: A device attached to the system is not functioning. (0x1F)
Sep 20, 2022 14:15:59.82 [4776:9300:0920/141559.824:ERROR:device_event_log_impl.cc(214)] [14:15:59.823] USB: usb_device_handle_win.cc:1048 Failed to read descriptor from node connection: A device attached to the system is not functioning. (0x1F)

Sep 20, 2022 14:20:24.88 NEW SESSION
Sep 20, 2022 14:20:24.88 [5524:2892:0920/142024.877:ERROR:device_event_log_impl.cc(214)] [14:20:24.876] USB: usb_device_handle_win.cc:1048 Failed to read descriptor from node connection: A device attached to the system is not functioning. (0x1F)
Sep 20, 2022 14:21:21.39 [5524:8472:0920/142121.396:ERROR:util.cc(129)] Can't create base directory: C:\Program Files\Google\GoogleUpdater

Sep 20, 2022 14:49:25.89 NEW SESSION
Sep 20, 2022 14:49:25.89 [10392:3944:0920/144925.888:ERROR:device_event_log_impl.cc(214)] [14:49:25.888] USB: usb_device_handle_win.cc:1048 Failed to read descriptor from node connection: A device attached to the system is not functioning. (0x1F)
Sep 20, 2022 14:50:23.38 [10392:8292:0920/145023.379:ERROR:util.cc(129)] Can't create base directory: C:\Program Files\Google\GoogleUpdater
Sep 20, 2022 14:50:34.56 [10392:3944:0920/145034.568:ERROR:sharing_service.cc(252)] Device un-registration failed with fatal error
Sep 20, 2022 14:55:23.46 [12132:14184:0920/145523.463:ERROR:device_event_log_impl.cc(214)] [14:55:23.463] USB: usb_device_handle_win.cc:1048 Failed to read descriptor from node connection: A device attached to the system is not functioning. (0x1F)
Sep 20, 2022 14:56:19.46 [12132:12088:0920/145619.464:ERROR:util.cc(129)] Can't create base directory: C:\Program Files\Google\GoogleUpdater
Sep 20, 2022 14:57:07.56 [12132:12732:0920/145707.569:ERROR:connection_factory_impl.cc(425)] Failed to connect to MCS endpoint with error -106
Sep 20, 2022 15:46:00.60 [12132:14184:0920/154600.608:ERROR:device_event_log_impl.cc(214)] [15:46:00.608] USB: usb_service_win.cc:104 SetupDiGetDeviceProperty({{A45C254E-DF1C-4EFD-8020-67D146A850E0}, 6}) failed: Element not found. (0x490)
Sep 20, 2022 17:19:11.63 [10164:11324:0920/171911.634:ERROR:device_event_log_impl.cc(214)] [17:19:11.634] USB: usb_device_handle_win.cc:1048 Failed to read descriptor from node connection: A device attached to the system is not functioning. (0x1F)
Sep 20, 2022 17:21:54.77 [5864:128:0920/172154.771:ERROR:device_event_log_impl.cc(214)] [17:21:54.771] USB: usb_device_handle_win.cc:1048 Failed to read descriptor from node connection: A device attached to the system is not functioning. (0x1F)
Sep 20, 2022 17:22:50.80 [5864:8392:0920/172250.807:ERROR:util.cc(129)] Can't create base directory: C:\Program Files\Google\GoogleUpdater

Sep 22, 2022 15:56:09.24 NEW SESSION
Sep 22, 2022 15:56:09.24 [4296:13560:0922/155609.237:ERROR:device_event_log_impl.cc(214)] [15:56:09.238] USB: usb_device_handle_win.cc:1048 Failed to read descriptor from node connection: A device attached to the system is not functioning. (0x1F)
Sep 22, 2022 15:57:06.46 [4296:12272:0922/155706.464:ERROR:util.cc(129)] Can't create base directory: C:\Program Files\Google\GoogleUpdater
Sep 22, 2022 17:57:05.19 [4296:13560:0922/175705.190:ERROR:device_event_log_impl.cc(214)] [17:57:05.190] USB: usb_service_win.cc:104 SetupDiGetDeviceProperty({{A45C254E-DF1C-4EFD-8020-67D146A850E0}, 6}) failed: Element not found. (0x490)

Sep 23, 2022 13:37:54.72 NEW SESSION
Sep 23, 2022 13:37:54.72 [10356:9388:0923/133754.723:ERROR:device_event_log_impl.cc(214)] [13:37:54.724] USB: usb_device_handle_win.cc:1048 Failed to read descriptor from node connection: A device attached to the system is not functioning. (0x1F)
Sep 23, 2022 13:38:51.30 [10356:6900:0923/133851.303:ERROR:util.cc(129)] Can't create base directory: C:\Program Files\Google\GoogleUpdater

Sep 26, 2022 19:17:25.68 NEW SESSION
Sep 26, 2022 19:17:25.68 [15240:7400:0926/191725.681:ERROR:device_event_log_impl.cc(214)] [19:17:25.682] USB: usb_device_handle_win.cc:1048 Failed to read descriptor from node connection: A device attached to the system is not functioning. (0x1F)
Sep 26, 2022 19:18:21.55 [15240:14872:0926/191821.557:ERROR:util.cc(129)] Can't create base directory: C:\Program Files\Google\GoogleUpdater
Sep 26, 2022 19:28:41.91 [15240:7400:0926/192841.910:ERROR:device_event_log_impl.cc(214)] [19:28:41.910] USB: usb_service_win.cc:104 SetupDiGetDeviceProperty({{A45C254E-DF1C-4EFD-8020-67D146A850E0}, 6}) failed: Element not found. (0x490)

Sep 28, 2022 15:08:05.09 NEW SESSION
Sep 28, 2022 15:08:05.10 [4064:3796:0928/150805.094:ERROR:device_event_log_impl.cc(214)] [15:08:05.093] USB: usb_device_handle_win.cc:1048 Failed to read descriptor from node connection: A device attached to the system is not functioning. (0x1F)
Sep 28, 2022 15:09:01.50 [4064:7708:0928/150901.500:ERROR:util.cc(129)] Can't create base directory: C:\Program Files\Google\GoogleUpdater
Sep 28, 2022 17:34:32.98 [9964:7636:0928/173432.987:ERROR:device_event_log_impl.cc(214)] [17:34:32.987] USB: usb_device_handle_win.cc:1048 Failed to read descriptor from node connection: A device attached to the system is not functioning. (0x1F)
Sep 28, 2022 17:35:30.45 [9964:1300:0928/173530.456:ERROR:util.cc(129)] Can't create base directory: C:\Program Files\Google\GoogleUpdater

Sep 29, 2022 13:34:23.75 NEW SESSION
Sep 29, 2022 13:34:23.75 [11884:600:0929/133423.753:ERROR:device_event_log_impl.cc(214)] [13:34:23.754] USB: usb_device_handle_win.cc:1048 Failed to read descriptor from node connection: A device attached to the system is not functioning. (0x1F)
Sep 29, 2022 13:37:25.38 [1824:9668:0929/133725.381:ERROR:device_event_log_impl.cc(214)] [13:37:25.381] USB: usb_device_handle_win.cc:1048 Failed to read descriptor from node connection: A device attached to the system is not functioning. (0x1F)
Sep 29, 2022 13:38:20.10 [1824:12396:0929/133820.099:ERROR:util.cc(129)] Can't create base directory: C:\Program Files\Google\GoogleUpdater
Oct 01, 2022 11:36:47.64 [1824:12396:1001/113647.644:ERROR:util.cc(129)] Can't create base directory: C:\Program Files\Google\GoogleUpdater

Oct 01, 2022 14:25:24.55 NEW SESSION
Oct 01, 2022 14:25:24.55 [3608:12680:1001/142524.548:ERROR:device_event_log_impl.cc(214)] [14:25:24.548] USB: usb_device_handle_win.cc:1048 Failed to read descriptor from node connection: A device attached to the system is not functioning. (0x1F)
Oct 01, 2022 14:27:06.80 [8072:7032:1001/142706.804:ERROR:device_event_log_impl.cc(214)] [14:27:06.804] USB: usb_device_handle_win.cc:1048 Failed to read descriptor from node connection: A device attached to the system is not functioning. (0x1F)
Oct 01, 2022 14:28:04.36 [8072:128:1001/142804.365:ERROR:util.cc(129)] Can't create base directory: C:\Program Files\Google\GoogleUpdater
Oct 01, 2022 20:40:54.30 [8072:2636:1001/204054.308:ERROR:util.cc(129)] Can't create base directory: C:\Program Files\Google\GoogleUpdater

Oct 13, 2022 10:23:23.20 NEW SESSION
Oct 13, 2022 10:23:23.20 [13384:5096:1013/102323.200:ERROR:device_event_log_impl.cc(214)] [10:23:23.199] USB: usb_device_handle_win.cc:1048 Failed to read descriptor from node connection: A device attached to the system is not functioning. (0x1F)
